<?xml version="1.0" encoding="UTF-8"?>
<testng-results ignored="0" total="2" passed="2" failed="0" skipped="0">
  <reporter-output>
  </reporter-output>
  <suite started-at="2019-06-12T17:33:17Z" name="Default suite" finished-at="2019-06-12T17:33:38Z" duration-ms="21841">
    <groups>
    </groups>
    <test started-at="2019-06-12T17:33:17Z" name="Default test" finished-at="2019-06-12T17:33:38Z" duration-ms="21841">
      <class name="il.co.wixmeup.CheckFormTestAdvance">
        <test-method is-config="true" signature="setup_BeforeClass(org.testng.ITestContext)[pri:0, instance:il.co.wixmeup.CheckFormTestAdvance@55ca8de8]" started-at="2019-06-12T17:33:17Z" name="setup_BeforeClass" finished-at="2019-06-12T17:33:22Z" duration-ms="5144" status="PASS">
          <params>
            <param index="0">
              <value>
                <![CDATA[org.testng.TestRunner@327ed9f5]]>
              </value>
            </param>
          </params>
          <reporter-output>
          </reporter-output>
        </test-method> <!-- setup_BeforeClass -->
        <test-method is-config="true" signature="setup(java.lang.reflect.Method, java.lang.String, java.lang.String)[pri:0, instance:il.co.wixmeup.CheckFormTestAdvance@55ca8de8]" started-at="2019-06-12T17:33:22Z" name="setup" finished-at="2019-06-12T17:33:23Z" duration-ms="1754" status="PASS">
          <params>
            <param index="0">
              <value>
                <![CDATA[public void il.co.wixmeup.CheckFormTestAdvance.BasicTest()]]>
              </value>
            </param>
            <param index="1">
              <value>
                <![CDATA[chrome]]>
              </value>
            </param>
            <param index="2">
              <value is-null="true"/>
            </param>
          </params>
          <reporter-output>
          </reporter-output>
        </test-method> <!-- setup -->
        <test-method signature="BasicTest()[pri:0, instance:il.co.wixmeup.CheckFormTestAdvance@55ca8de8]" started-at="2019-06-12T17:33:23Z" name="BasicTest" finished-at="2019-06-12T17:33:30Z" duration-ms="6497" status="PASS">
          <reporter-output>
          </reporter-output>
        </test-method> <!-- BasicTest -->
        <test-method is-config="true" signature="tearDown()[pri:0, instance:il.co.wixmeup.CheckFormTestAdvance@55ca8de8]" started-at="2019-06-12T17:33:30Z" name="tearDown" finished-at="2019-06-12T17:33:30Z" duration-ms="113" status="PASS">
          <reporter-output>
          </reporter-output>
        </test-method> <!-- tearDown -->
        <test-method is-config="true" signature="setup(java.lang.reflect.Method, java.lang.String, java.lang.String)[pri:0, instance:il.co.wixmeup.CheckFormTestAdvance@55ca8de8]" started-at="2019-06-12T17:33:30Z" name="setup" finished-at="2019-06-12T17:33:31Z" duration-ms="1126" status="PASS">
          <params>
            <param index="0">
              <value>
                <![CDATA[public void il.co.wixmeup.CheckFormTestAdvance.BasicTest2()]]>
              </value>
            </param>
            <param index="1">
              <value>
                <![CDATA[chrome]]>
              </value>
            </param>
            <param index="2">
              <value is-null="true"/>
            </param>
          </params>
          <reporter-output>
          </reporter-output>
        </test-method> <!-- setup -->
        <test-method signature="BasicTest2()[pri:0, instance:il.co.wixmeup.CheckFormTestAdvance@55ca8de8]" started-at="2019-06-12T17:33:31Z" name="BasicTest2" finished-at="2019-06-12T17:33:38Z" duration-ms="6875" status="PASS">
          <reporter-output>
          </reporter-output>
        </test-method> <!-- BasicTest2 -->
        <test-method is-config="true" signature="tearDown()[pri:0, instance:il.co.wixmeup.CheckFormTestAdvance@55ca8de8]" started-at="2019-06-12T17:33:38Z" name="tearDown" finished-at="2019-06-12T17:33:38Z" duration-ms="117" status="PASS">
          <reporter-output>
          </reporter-output>
        </test-method> <!-- tearDown -->
        <test-method is-config="true" signature="tearDown_AfterClass()[pri:0, instance:il.co.wixmeup.CheckFormTestAdvance@55ca8de8]" started-at="2019-06-12T17:33:38Z" name="tearDown_AfterClass" finished-at="2019-06-12T17:33:38Z" duration-ms="203" status="PASS">
          <reporter-output>
          </reporter-output>
        </test-method> <!-- tearDown_AfterClass -->
      </class> <!-- il.co.wixmeup.CheckFormTestAdvance -->
    </test> <!-- Default test -->
  </suite> <!-- Default suite -->
</testng-results>
