<?xml version="1.0" encoding="UTF-8"?>
<!-- Generated by org.testng.reporters.JUnitXMLReporter -->
<testsuite ignored="0" hostname="Orens-MacBook-Pro.local" failures="1" tests="1" name="WixFormTestsAdvance" time="12.598" errors="0" timestamp="29 May 2019 16:04:33 GMT">
  <testcase classname="il.co.wixmeup.CheckFormTestAdvance" name="BasicTest" time="5.387">
    <failure type="java.lang.AssertionError" message="Actual results text is not the same as expected expected [0] but found [14]">
      <![CDATA[java.lang.AssertionError: Actual results text is not the same as expected expected [0] but found [14]
at co.il.pages.BasePageObject.VerifyTextElement(BasePageObject.java:98)
at il.co.wixmeup.CheckFormTestAdvance.BasicTest(CheckFormTestAdvance.java:43)
... Removed 30 stack frames]]>
    </failure>
  </testcase> <!-- BasicTest -->
</testsuite> <!-- WixFormTestsAdvance -->
